<?xml version="1.0" encoding="UTF-8"?>
<!-- Generated by org.testng.reporters.JUnitReportReporter -->
<testsuite hostname="NX00605" failures="0" tests="1" name="Testcases_Package.ValidateLoginPage" time="14.428" errors="0" timestamp="2023-04-28T16:08:02 PKT" skipped="0">
  <testcase classname="Testcases_Package.ValidateLoginPage" name="Testcase_VerifyLoginwith_bothWrongEmailandPassword_SignupNewForAccount" time="14.428"/>
  <system-out/>
</testsuite> <!-- Testcases_Package.ValidateLoginPage -->
